# JRE version: Java(TM) SE Runtime Environment (8.0_60-b27) (build 1.8.0_60-b27)
# Java VM: Java HotSpot(TM) 64-Bit Server VM (25.60-b23 mixed mode windows-amd64 compressed oops)
Heap:
 PSYoungGen      total 68096K, used 34043K [0x00000000eab00000, 0x00000000ef000000, 0x0000000100000000)
  eden space 65536K, 51% used [0x00000000eab00000,0x00000000ecc3ed08,0x00000000eeb00000)
  from space 2560K, 0% used [0x00000000eeb00000,0x00000000eeb00000,0x00000000eed80000)
  to   space 2560K, 0% used [0x00000000eed80000,0x00000000eed80000,0x00000000ef000000)
 ParOldGen       total 72704K, used 23016K [0x00000000c0000000, 0x00000000c4700000, 0x00000000eab00000)
  object space 72704K, 31% used [0x00000000c0000000,0x00000000c167a1b8,0x00000000c4700000)
 Metaspace       used 7965K, capacity 8286K, committed 8576K, reserved 1056768K
  class space    used 748K, capacity 785K, committed 896K, reserved 1048576K
GC Heap History (10 events):
Event: 8.229 GC heap before
{Heap before GC invocations=7 (full 0):
 PSYoungGen      total 68096K, used 68082K [0x00000000eab00000, 0x00000000ef000000, 0x0000000100000000)
  eden space 65536K, 100% used [0x00000000eab00000,0x00000000eeb00000,0x00000000eeb00000)
  from space 2560K, 99% used [0x00000000eed80000,0x00000000eeffc968,0x00000000ef000000)
  to   space 2560K, 0% used [0x00000000eeb00000,0x00000000eeb00000,0x00000000eed80000)
 ParOldGen       total 44032K, used 28776K [0x00000000c0000000, 0x00000000c2b00000, 0x00000000eab00000)
  object space 44032K, 65% used [0x00000000c0000000,0x00000000c1c1a370,0x00000000c2b00000)
 Metaspace       used 7957K, capacity 8286K, committed 8576K, reserved 1056768K
  class space    used 748K, capacity 785K, committed 896K, reserved 1048576K
Event: 8.255 GC heap after
Heap after GC invocations=7 (full 0):
 PSYoungGen      total 68096K, used 2241K [0x00000000eab00000, 0x00000000ef000000, 0x0000000100000000)
  eden space 65536K, 0% used [0x00000000eab00000,0x00000000eab00000,0x00000000eeb00000)
  from space 2560K, 87% used [0x00000000eeb00000,0x00000000eed30570,0x00000000eed80000)
  to   space 2560K, 0% used [0x00000000eed80000,0x00000000eed80000,0x00000000ef000000)
 ParOldGen       total 44032K, used 35167K [0x00000000c0000000, 0x00000000c2b00000, 0x00000000eab00000)
  object space 44032K, 79% used [0x00000000c0000000,0x00000000c2257de8,0x00000000c2b00000)
 Metaspace       used 7957K, capacity 8286K, committed 8576K, reserved 1056768K
  class space    used 748K, capacity 785K, committed 896K, reserved 1048576K
}
Event: 8.255 GC heap before
{Heap before GC invocations=8 (full 1):
 PSYoungGen      total 68096K, used 2241K [0x00000000eab00000, 0x00000000ef000000, 0x0000000100000000)
  eden space 65536K, 0% used [0x00000000eab00000,0x00000000eab00000,0x00000000eeb00000)
  from space 2560K, 87% used [0x00000000eeb00000,0x00000000eed30570,0x00000000eed80000)
  to   space 2560K, 0% used [0x00000000eed80000,0x00000000eed80000,0x00000000ef000000)
 ParOldGen       total 44032K, used 35167K [0x00000000c0000000, 0x00000000c2b00000, 0x00000000eab00000)
  object space 44032K, 79% used [0x00000000c0000000,0x00000000c2257de8,0x00000000c2b00000)
 Metaspace       used 7957K, capacity 8286K, committed 8576K, reserved 1056768K
  class space    used 748K, capacity 785K, committed 896K, reserved 1048576K
Event: 8.446 GC heap after
Heap after GC invocations=8 (full 1):
 PSYoungGen      total 68096K, used 0K [0x00000000eab00000, 0x00000000ef000000, 0x0000000100000000)
  eden space 65536K, 0% used [0x00000000eab00000,0x00000000eab00000,0x00000000eeb00000)
  from space 2560K, 0% used [0x00000000eeb00000,0x00000000eeb00000,0x00000000eed80000)
  to   space 2560K, 0% used [0x00000000eed80000,0x00000000eed80000,0x00000000ef000000)
 ParOldGen       total 52736K, used 20775K [0x00000000c0000000, 0x00000000c3380000, 0x00000000eab00000)
  object space 52736K, 39% used [0x00000000c0000000,0x00000000c1449f40,0x00000000c3380000)
 Metaspace       used 7957K, capacity 8286K, committed 8576K, reserved 1056768K
  class space    used 748K, capacity 785K, committed 896K, reserved 1048576K
}
Event: 8.817 GC heap before
{Heap before GC invocations=9 (full 1):
 PSYoungGen      total 68096K, used 65536K [0x00000000eab00000, 0x00000000ef000000, 0x0000000100000000)
  eden space 65536K, 100% used [0x00000000eab00000,0x00000000eeb00000,0x00000000eeb00000)
  from space 2560K, 0% used [0x00000000eeb00000,0x00000000eeb00000,0x00000000eed80000)
  to   space 2560K, 0% used [0x00000000eed80000,0x00000000eed80000,0x00000000ef000000)
 ParOldGen       total 52736K, used 20775K [0x00000000c0000000, 0x00000000c3380000, 0x00000000eab00000)
  object space 52736K, 39% used [0x00000000c0000000,0x00000000c1449f40,0x00000000c3380000)
 Metaspace       used 7959K, capacity 8286K, committed 8576K, reserved 1056768K
  class space    used 748K, capacity 785K, committed 896K, reserved 1048576K
Event: 8.827 GC heap after
Heap after GC invocations=9 (full 1):
 PSYoungGen      total 68096K, used 2542K [0x00000000eab00000, 0x00000000ef000000, 0x0000000100000000)
  eden space 65536K, 0% used [0x00000000eab00000,0x00000000eab00000,0x00000000eeb00000)
  from space 2560K, 99% used [0x00000000eed80000,0x00000000eeffbb68,0x00000000ef000000)
  to   space 2560K, 0% used [0x00000000eeb00000,0x00000000eeb00000,0x00000000eed80000)
 ParOldGen       total 52736K, used 32276K [0x00000000c0000000, 0x00000000c3380000, 0x00000000eab00000)
  object space 52736K, 61% used [0x00000000c0000000,0x00000000c1f851e0,0x00000000c3380000)
 Metaspace       used 7959K, capacity 8286K, committed 8576K, reserved 1056768K
  class space    used 748K, capacity 785K, committed 896K, reserved 1048576K
}
Event: 9.111 GC heap before
{Heap before GC invocations=10 (full 1):
 PSYoungGen      total 68096K, used 68078K [0x00000000eab00000, 0x00000000ef000000, 0x0000000100000000)
  eden space 65536K, 100% used [0x00000000eab00000,0x00000000eeb00000,0x00000000eeb00000)
  from space 2560K, 99% used [0x00000000eed80000,0x00000000eeffbb68,0x00000000ef000000)
  to   space 2560K, 0% used [0x00000000eeb00000,0x00000000eeb00000,0x00000000eed80000)
 ParOldGen       total 52736K, used 32276K [0x00000000c0000000, 0x00000000c3380000, 0x00000000eab00000)
  object space 52736K, 61% used [0x00000000c0000000,0x00000000c1f851e0,0x00000000c3380000)
 Metaspace       used 7964K, capacity 8286K, committed 8576K, reserved 1056768K
  class space    used 748K, capacity 785K, committed 896K, reserved 1048576K
Event: 9.123 GC heap after
Heap after GC invocations=10 (full 1):
 PSYoungGen      total 68096K, used 2558K [0x00000000eab00000, 0x00000000ef000000, 0x0000000100000000)
  eden space 65536K, 0% used [0x00000000eab00000,0x00000000eab00000,0x00000000eeb00000)
  from space 2560K, 99% used [0x00000000eeb00000,0x00000000eed7fb58,0x00000000eed80000)
  to   space 2560K, 0% used [0x00000000eed80000,0x00000000eed80000,0x00000000ef000000)
 ParOldGen       total 52736K, used 43598K [0x00000000c0000000, 0x00000000c3380000, 0x00000000eab00000)
  object space 52736K, 82% used [0x00000000c0000000,0x00000000c2a93af0,0x00000000c3380000)
 Metaspace       used 7964K, capacity 8286K, committed 8576K, reserved 1056768K
  class space    used 748K, capacity 785K, committed 896K, reserved 1048576K
}
Event: 9.123 GC heap before
{Heap before GC invocations=11 (full 2):
 PSYoungGen      total 68096K, used 2558K [0x00000000eab00000, 0x00000000ef000000, 0x0000000100000000)
  eden space 65536K, 0% used [0x00000000eab00000,0x00000000eab00000,0x00000000eeb00000)
  from space 2560K, 99% used [0x00000000eeb00000,0x00000000eed7fb58,0x00000000eed80000)
  to   space 2560K, 0% used [0x00000000eed80000,0x00000000eed80000,0x00000000ef000000)
 ParOldGen       total 52736K, used 43598K [0x00000000c0000000, 0x00000000c3380000, 0x00000000eab00000)
  object space 52736K, 82% used [0x00000000c0000000,0x00000000c2a93af0,0x00000000c3380000)
 Metaspace       used 7964K, capacity 8286K, committed 8576K, reserved 1056768K
  class space    used 748K, capacity 785K, committed 896K, reserved 1048576K
Event: 9.208 GC heap after
Heap after GC invocations=11 (full 2):
 PSYoungGen      total 68096K, used 0K [0x00000000eab00000, 0x00000000ef000000, 0x0000000100000000)
  eden space 65536K, 0% used [0x00000000eab00000,0x00000000eab00000,0x00000000eeb00000)
  from space 2560K, 0% used [0x00000000eeb00000,0x00000000eeb00000,0x00000000eed80000)
  to   space 2560K, 0% used [0x00000000eed80000,0x00000000eed80000,0x00000000ef000000)
 ParOldGen       total 72704K, used 23016K [0x00000000c0000000, 0x00000000c4700000, 0x00000000eab00000)
  object space 72704K, 31% used [0x00000000c0000000,0x00000000c167a1b8,0x00000000c4700000)
 Metaspace       used 7964K, capacity 8286K, committed 8576K, reserved 1056768K
  class space    used 748K, capacity 785K, committed 896K, reserved 1048576K
}

