# JRE version: Java(TM) SE Runtime Environment (8.0_60-b27) (build 1.8.0_60-b27)
# Java VM: Java HotSpot(TM) 64-Bit Server VM (25.60-b23 mixed mode windows-amd64 compressed oops)
Heap:
 PSYoungGen      total 69632K, used 4830K [0x00000000eab00000, 0x00000000f0d80000, 0x0000000100000000)
  eden space 60416K, 7% used [0x00000000eab00000,0x00000000eafb7ae0,0x00000000ee600000)
  from space 9216K, 0% used [0x00000000ef400000,0x00000000ef400000,0x00000000efd00000)
  to   space 14336K, 0% used [0x00000000ee600000,0x00000000ee600000,0x00000000ef400000)
 ParOldGen       total 44032K, used 29255K [0x00000000c0000000, 0x00000000c2b00000, 0x00000000eab00000)
  object space 44032K, 66% used [0x00000000c0000000,0x00000000c1c91f60,0x00000000c2b00000)
 Metaspace       used 7985K, capacity 8286K, committed 8576K, reserved 1056768K
  class space    used 748K, capacity 785K, committed 896K, reserved 1048576K
GC Heap History (10 events):
Event: 10.830 GC heap before
{Heap before GC invocations=20 (full 3):
 PSYoungGen      total 74752K, used 65536K [0x00000000eab00000, 0x00000000efd00000, 0x0000000100000000)
  eden space 65536K, 100% used [0x00000000eab00000,0x00000000eeb00000,0x00000000eeb00000)
  from space 9216K, 0% used [0x00000000eeb00000,0x00000000eeb00000,0x00000000ef400000)
  to   space 9216K, 0% used [0x00000000ef400000,0x00000000ef400000,0x00000000efd00000)
 ParOldGen       total 44032K, used 34637K [0x00000000c0000000, 0x00000000c2b00000, 0x00000000eab00000)
  object space 44032K, 78% used [0x00000000c0000000,0x00000000c21d3468,0x00000000c2b00000)
 Metaspace       used 7984K, capacity 8286K, committed 8576K, reserved 1056768K
  class space    used 748K, capacity 785K, committed 896K, reserved 1048576K
Event: 10.929 GC heap after
Heap after GC invocations=20 (full 3):
 PSYoungGen      total 74752K, used 0K [0x00000000eab00000, 0x00000000efd00000, 0x0000000100000000)
  eden space 65536K, 0% used [0x00000000eab00000,0x00000000eab00000,0x00000000eeb00000)
  from space 9216K, 0% used [0x00000000eeb00000,0x00000000eeb00000,0x00000000ef400000)
  to   space 9216K, 0% used [0x00000000ef400000,0x00000000ef400000,0x00000000efd00000)
 ParOldGen       total 44032K, used 27281K [0x00000000c0000000, 0x00000000c2b00000, 0x00000000eab00000)
  object space 44032K, 61% used [0x00000000c0000000,0x00000000c1aa4420,0x00000000c2b00000)
 Metaspace       used 7984K, capacity 8286K, committed 8576K, reserved 1056768K
  class space    used 748K, capacity 785K, committed 896K, reserved 1048576K
}
Event: 11.139 GC heap before
{Heap before GC invocations=21 (full 3):
 PSYoungGen      total 74752K, used 65536K [0x00000000eab00000, 0x00000000efd00000, 0x0000000100000000)
  eden space 65536K, 100% used [0x00000000eab00000,0x00000000eeb00000,0x00000000eeb00000)
  from space 9216K, 0% used [0x00000000eeb00000,0x00000000eeb00000,0x00000000ef400000)
  to   space 9216K, 0% used [0x00000000ef400000,0x00000000ef400000,0x00000000efd00000)
 ParOldGen       total 44032K, used 27281K [0x00000000c0000000, 0x00000000c2b00000, 0x00000000eab00000)
  object space 44032K, 61% used [0x00000000c0000000,0x00000000c1aa4420,0x00000000c2b00000)
 Metaspace       used 7985K, capacity 8286K, committed 8576K, reserved 1056768K
  class space    used 748K, capacity 785K, committed 896K, reserved 1048576K
Event: 11.143 GC heap after
Heap after GC invocations=21 (full 3):
 PSYoungGen      total 74752K, used 5398K [0x00000000eab00000, 0x00000000efd00000, 0x0000000100000000)
  eden space 65536K, 0% used [0x00000000eab00000,0x00000000eab00000,0x00000000eeb00000)
  from space 9216K, 58% used [0x00000000ef400000,0x00000000ef945868,0x00000000efd00000)
  to   space 9216K, 0% used [0x00000000eeb00000,0x00000000eeb00000,0x00000000ef400000)
 ParOldGen       total 44032K, used 32337K [0x00000000c0000000, 0x00000000c2b00000, 0x00000000eab00000)
  object space 44032K, 73% used [0x00000000c0000000,0x00000000c1f945e8,0x00000000c2b00000)
 Metaspace       used 7985K, capacity 8286K, committed 8576K, reserved 1056768K
  class space    used 748K, capacity 785K, committed 896K, reserved 1048576K
}
Event: 11.410 GC heap before
{Heap before GC invocations=22 (full 3):
 PSYoungGen      total 74752K, used 70934K [0x00000000eab00000, 0x00000000efd00000, 0x0000000100000000)
  eden space 65536K, 100% used [0x00000000eab00000,0x00000000eeb00000,0x00000000eeb00000)
  from space 9216K, 58% used [0x00000000ef400000,0x00000000ef945868,0x00000000efd00000)
  to   space 9216K, 0% used [0x00000000eeb00000,0x00000000eeb00000,0x00000000ef400000)
 ParOldGen       total 44032K, used 32337K [0x00000000c0000000, 0x00000000c2b00000, 0x00000000eab00000)
  object space 44032K, 73% used [0x00000000c0000000,0x00000000c1f945e8,0x00000000c2b00000)
 Metaspace       used 7985K, capacity 8286K, committed 8576K, reserved 1056768K
  class space    used 748K, capacity 785K, committed 896K, reserved 1048576K
Event: 11.418 GC heap after
Heap after GC invocations=22 (full 3):
 PSYoungGen      total 74752K, used 2435K [0x00000000eab00000, 0x00000000efd00000, 0x0000000100000000)
  eden space 65536K, 0% used [0x00000000eab00000,0x00000000eab00000,0x00000000eeb00000)
  from space 9216K, 26% used [0x00000000eeb00000,0x00000000eed60f48,0x00000000ef400000)
  to   space 9216K, 0% used [0x00000000ef400000,0x00000000ef400000,0x00000000efd00000)
 ParOldGen       total 44032K, used 32337K [0x00000000c0000000, 0x00000000c2b00000, 0x00000000eab00000)
  object space 44032K, 73% used [0x00000000c0000000,0x00000000c1f945e8,0x00000000c2b00000)
 Metaspace       used 7985K, capacity 8286K, committed 8576K, reserved 1056768K
  class space    used 748K, capacity 785K, committed 896K, reserved 1048576K
}
Event: 11.628 GC heap before
{Heap before GC invocations=23 (full 3):
 PSYoungGen      total 74752K, used 67971K [0x00000000eab00000, 0x00000000efd00000, 0x0000000100000000)
  eden space 65536K, 100% used [0x00000000eab00000,0x00000000eeb00000,0x00000000eeb00000)
  from space 9216K, 26% used [0x00000000eeb00000,0x00000000eed60f48,0x00000000ef400000)
  to   space 9216K, 0% used [0x00000000ef400000,0x00000000ef400000,0x00000000efd00000)
 ParOldGen       total 44032K, used 32337K [0x00000000c0000000, 0x00000000c2b00000, 0x00000000eab00000)
  object space 44032K, 73% used [0x00000000c0000000,0x00000000c1f945e8,0x00000000c2b00000)
 Metaspace       used 7985K, capacity 8286K, committed 8576K, reserved 1056768K
  class space    used 748K, capacity 785K, committed 896K, reserved 1048576K
Event: 11.639 GC heap after
Heap after GC invocations=23 (full 3):
 PSYoungGen      total 69632K, used 7913K [0x00000000eab00000, 0x00000000f0d80000, 0x0000000100000000)
  eden space 60416K, 0% used [0x00000000eab00000,0x00000000eab00000,0x00000000ee600000)
  from space 9216K, 85% used [0x00000000ef400000,0x00000000efbba418,0x00000000efd00000)
  to   space 14336K, 0% used [0x00000000ee600000,0x00000000ee600000,0x00000000ef400000)
 ParOldGen       total 44032K, used 39510K [0x00000000c0000000, 0x00000000c2b00000, 0x00000000eab00000)
  object space 44032K, 89% used [0x00000000c0000000,0x00000000c2695930,0x00000000c2b00000)
 Metaspace       used 7985K, capacity 8286K, committed 8576K, reserved 1056768K
  class space    used 748K, capacity 785K, committed 896K, reserved 1048576K
}
Event: 11.639 GC heap before
{Heap before GC invocations=24 (full 4):
 PSYoungGen      total 69632K, used 7913K [0x00000000eab00000, 0x00000000f0d80000, 0x0000000100000000)
  eden space 60416K, 0% used [0x00000000eab00000,0x00000000eab00000,0x00000000ee600000)
  from space 9216K, 85% used [0x00000000ef400000,0x00000000efbba418,0x00000000efd00000)
  to   space 14336K, 0% used [0x00000000ee600000,0x00000000ee600000,0x00000000ef400000)
 ParOldGen       total 44032K, used 39510K [0x00000000c0000000, 0x00000000c2b00000, 0x00000000eab00000)
  object space 44032K, 89% used [0x00000000c0000000,0x00000000c2695930,0x00000000c2b00000)
 Metaspace       used 7985K, capacity 8286K, committed 8576K, reserved 1056768K
  class space    used 748K, capacity 785K, committed 896K, reserved 1048576K
Event: 11.724 GC heap after
Heap after GC invocations=24 (full 4):
 PSYoungGen      total 69632K, used 0K [0x00000000eab00000, 0x00000000f0d80000, 0x0000000100000000)
  eden space 60416K, 0% used [0x00000000eab00000,0x00000000eab00000,0x00000000ee600000)
  from space 9216K, 0% used [0x00000000ef400000,0x00000000ef400000,0x00000000efd00000)
  to   space 14336K, 0% used [0x00000000ee600000,0x00000000ee600000,0x00000000ef400000)
 ParOldGen       total 44032K, used 29255K [0x00000000c0000000, 0x00000000c2b00000, 0x00000000eab00000)
  object space 44032K, 66% used [0x00000000c0000000,0x00000000c1c91f60,0x00000000c2b00000)
 Metaspace       used 7985K, capacity 8286K, committed 8576K, reserved 1056768K
  class space    used 748K, capacity 785K, committed 896K, reserved 1048576K
}

